<?xml version="1.0" encoding="UTF-8"?>
<coverage generated="1781767514821" clover="3.2.0">
  <project timestamp="1781767514821" name="All files">
    <metrics statements="24" coveredstatements="20" conditionals="12" coveredconditionals="11" methods="4" coveredmethods="2" elements="40" coveredelements="33" complexity="0" loc="24" ncloc="24" packages="1" files="2" classes="2"/>
    <file name="app.js" path="C:\Users\HP\Documents\Parcial-TDD-ICS\app.js">
      <metrics statements="19" coveredstatements="15" conditionals="8" coveredconditionals="7" methods="3" coveredmethods="1"/>
      <line num="1" count="1" type="stmt"/>
      <line num="2" count="1" type="stmt"/>
      <line num="4" count="1" type="stmt"/>
      <line num="6" count="1" type="stmt"/>
      <line num="8" count="1" type="cond" truecount="2" falsecount="0"/>
      <line num="11" count="1" type="stmt"/>
      <line num="16" count="1" type="stmt"/>
      <line num="17" count="2" type="stmt"/>
      <line num="20" count="2" type="cond" truecount="4" falsecount="0"/>
      <line num="21" count="1" type="stmt"/>
      <line num="27" count="1" type="stmt"/>
      <line num="33" count="1" type="stmt"/>
      <line num="39" count="1" type="stmt"/>
      <line num="40" count="0" type="stmt"/>
      <line num="98" count="0" type="stmt"/>
      <line num="102" count="1" type="cond" truecount="1" falsecount="1"/>
      <line num="103" count="0" type="stmt"/>
      <line num="104" count="0" type="stmt"/>
      <line num="108" count="1" type="stmt"/>
    </file>
    <file name="calculadora.js" path="C:\Users\HP\Documents\Parcial-TDD-ICS\calculadora.js">
      <metrics statements="5" coveredstatements="5" conditionals="4" coveredconditionals="4" methods="1" coveredmethods="1"/>
      <line num="18" count="8" type="cond" truecount="4" falsecount="0"/>
      <line num="19" count="2" type="stmt"/>
      <line num="23" count="6" type="stmt"/>
      <line num="24" count="6" type="stmt"/>
      <line num="29" count="3" type="stmt"/>
    </file>
  </project>
</coverage>
