TN:
SF:app.js
FN:16,(anonymous_0)
FN:39,(anonymous_1)
FN:103,(anonymous_2)
FNF:3
FNH:1
FNDA:2,(anonymous_0)
FNDA:0,(anonymous_1)
FNDA:0,(anonymous_2)
DA:1,1
DA:2,1
DA:4,1
DA:6,1
DA:8,1
DA:11,1
DA:16,1
DA:17,2
DA:20,2
DA:21,1
DA:27,1
DA:30,1
DA:39,1
DA:40,0
DA:98,0
DA:102,1
DA:103,0
DA:104,0
DA:108,1
LF:19
LH:15
BRDA:8,0,0,1
BRDA:8,0,1,1
BRDA:20,1,0,1
BRDA:20,1,1,1
BRDA:20,2,0,2
BRDA:20,2,1,1
BRDA:102,3,0,0
BRDA:102,3,1,1
BRF:8
BRH:7
end_of_record
TN:
SF:calculadora.js
FN:1,calcularDescuento
FNF:1
FNH:1
FNDA:8,calcularDescuento
DA:18,8
DA:19,2
DA:23,6
DA:25,6
DA:29,3
LF:5
LH:5
BRDA:18,0,0,2
BRDA:18,0,1,6
BRDA:18,1,0,8
BRDA:18,1,1,7
BRF:4
BRH:4
end_of_record
